<?xml version="1.0" encoding="UTF-8"?>
<!-- Generated by org.testng.reporters.JUnitReportReporter -->
<testsuite hostname="DESKTOP-GD994P0" name="com.asstp.testcases.LoginpageTest" tests="1" failures="0" timestamp="1 Oct 2020 10:23:03 GMT" time="38.273" errors="0">
  <testcase name="logintest" time="38.273" classname="com.asstp.testcases.LoginpageTest"/>
</testsuite> <!-- com.asstp.testcases.LoginpageTest -->
